2020/08/13 22:09:43 Go start farm in gbf!
2020/08/13 22:09:55 New client connected but stream stopped, Stream now starts
2020/08/13 22:09:55 Twitter Stream Started
2020/08/13 22:09:55 Unknown raid: Lv200 ガレヲン
2020/08/13 22:09:55 Unknown raid: Lv200 ウィルナス
2020/08/13 22:09:55 Unknown raid: Lv200 ル・オー
2020/08/13 22:09:55 Unknown raid: Lv200 ガレヲン
2020/08/13 22:09:55 Unknown raid: Lv200 フェディエル
2020/08/13 22:09:55 Unknown raid: Lv200 ル・オー
2020/08/13 22:09:56 Unknown raid: Lv200 フェディエル
2020/08/13 22:09:56 Unknown raid: Lv200 イーウィヤ
2020/08/13 22:09:56 Unknown raid: Lv200 ガレヲン
2020/08/13 22:09:56 Unknown raid: Lv200 リンドヴルム
2020/08/13 22:09:56 Unknown raid: Lv200 フェディエル
2020/08/13 22:09:56 Unknown raid: Lv200 ガレヲン
2020/08/13 22:09:56 Unknown raid: Lv200 フェディエル
2020/08/13 22:09:56 Unknown raid: Lv150 フロネシス
2020/08/13 22:09:56 Unknown raid: Lv200 イーウィヤ
2020/08/13 22:09:56 Unknown raid: Lv200 ウィルナス
2020/08/13 22:09:56 Unknown raid: Lv150 フロネシス
2020/08/13 22:09:56 Unknown raid: Lv200 ガレヲン
2020/08/13 22:09:56 Unknown raid: Lv200 ウィルナス
2020/08/13 22:09:56 Unknown raid: Lv200 イーウィヤ
2020/08/13 22:09:56 Unknown raid: Lv200 ル・オー
2020/08/13 22:09:57 Unknown raid: Lv200 ル・オー
2020/08/13 22:09:57 Unknown raid: Lv150 フロネシス
2020/08/13 22:09:57 Unknown raid: Lv200 フェディエル
2020/08/13 22:09:57 Unknown raid: Lv150 フロネシス
2020/08/13 22:09:57 Unknown raid: Lv150 フロネシス
2020/08/13 22:09:58 Unknown raid: Lvl 200 Wilnas
2020/08/13 22:09:58 Unknown raid: Lv150 リヴァイアサン・マリス
2020/08/13 22:09:58 Unknown raid: Lvl 200 Ewiyar
2020/08/13 22:09:58 No connected client, Stream now stops
2020/08/13 22:10:02 /
2020/08/13 22:10:02 New client connected but stream stopped, Stream now starts
2020/08/13 22:10:02 Twitter Stream Started
2020/08/13 22:10:02 Unknown raid: Lv200 ガレヲン
2020/08/13 22:10:02 Unknown raid: Lv200 ワムデュス
2020/08/13 22:10:02 Unknown raid: Lv150 フロネシス
2020/08/13 22:10:02 Unknown raid: Lv200 リンドヴルム
2020/08/13 22:10:03 Unknown raid: Lv200 フェディエル
2020/08/13 22:10:03 Unknown raid: Lv200 リンドヴルム
2020/08/13 22:10:03 Unknown raid: Lv200 ル・オー
2020/08/13 22:10:03 Unknown raid: Lv200 リンドヴルム
2020/08/13 22:10:03 Unknown raid: Lv200 ウィルナス
2020/08/13 22:10:03 Unknown raid: Lv200 ガレヲン
2020/08/13 22:10:03 Unknown raid: Lv200 フェディエル
2020/08/13 22:10:03 Unknown raid: Lv200 ル・オー
2020/08/13 22:10:03 Unknown raid: Lvl 200 Wamdus
2020/08/13 22:10:03 Unknown raid: Lv200 ワムデュス
2020/08/13 22:10:04 Unknown raid: Lv200 ウィルナス
2020/08/13 22:10:04 Unknown raid: Lv200 ル・オー
2020/08/13 22:10:04 Unknown raid: Lv200 ワムデュス
2020/08/13 22:10:04 Unknown raid: Lv200 フェディエル
2020/08/13 22:10:04 Unknown raid: Lv200 イーウィヤ
2020/08/13 22:10:04 Unknown raid: Lvl 200 Fediel
2020/08/13 22:10:05 Unknown raid: Lv200 ワムデュス
2020/08/13 22:10:05 Unknown raid: Lv200 ウィルナス
2020/08/13 22:10:05 Unknown raid: Lv200 ル・オー
2020/08/13 22:10:05 Unknown raid: Lv200 ウィルナス
2020/08/13 22:10:05 Unknown raid: Lv200 ル・オー
2020/08/13 22:10:05 Unknown raid: Lv200 イーウィヤ
2020/08/13 22:10:05 Unknown raid: Lv200 リンドヴルム
2020/08/13 22:10:06 Unknown raid: Lv200 イーウィヤ
2020/08/13 22:10:06 Unknown raid: Lv200 ワムデュス
2020/08/13 22:10:06 Unknown raid: Lv150 フロネシス
2020/08/13 22:10:06 Unknown raid: Lv200 フェディエル
2020/08/13 22:10:06 Unknown raid: Lv200 ウィルナス
2020/08/13 22:10:06 Unknown raid: Lv200 ガレヲン
2020/08/13 22:10:06 Unknown raid: Lv150 リヴァイアサン・マリス
2020/08/13 22:10:06 Unknown raid: Lv200 ガレヲン
2020/08/13 22:10:06 Unknown raid: Lv200 イーウィヤ
2020/08/13 22:10:06 Unknown raid: Lv200 ガレヲン
2020/08/13 22:10:06 Unknown raid: Lv200 フェディエル
2020/08/13 22:10:07 Unknown raid: Lv200 フェディエル
2020/08/13 22:10:07 Unknown raid: Lvl 200 Wilnas
2020/08/13 22:10:07 Unknown raid: Lv200 フェディエル
2020/08/13 22:10:07 Unknown raid: Lv200 ワムデュス
 raid: Lv50 覇壊大帝デスロウ
2020/08/13 22:08:31 Unknown raid: Lv200 ウィルナス
2020/08/13 22:08:31 Unknown raid: Lvl 200 Galleon
2020/08/13 22:08:32 Unknown raid: Lv200 イーウィヤ
44 Unknown raid: Lv200 ガレヲン
2020/08/13 22:01:44 Unknown raid: Lvl 200 Fediel
2020/08/13 22:01:44 Unknown raid: Lv200 イーウィヤ
2020/08/13 22:01:44 Unknown raid: Lv200 ガレヲン
2020/08/13 22:01:44 Unknown raid: Lv200 ウィルナス
2020/08/13 22:01:44 Unknown raid: Lv200 イーウィヤ
2020/08/13 22:01:44 Unknown raid: Lvl 200 Fediel
2020/08/13 22:01:44 Unknown raid: Lv200 フェディエル
2020/08/13 22:01:44 Unknown raid: Lv200 リンドヴルム
2020/08/13 22:01:44 Unknown raid: Lv200 ワムデュス
2020/08/13 22:01:44 Unknown raid: Lv200 フェディエル
2020/08/13 22:01:44 Unknown raid: Lvl 200 Lu Woh
2020/08/13 22:01:44 Unknown raid: Lv200 ガレヲン
2020/08/13 22:01:44 Unknown raid: Lv200 フェディエル
2020/08/13 22:01:44 Unknown raid: Lv200 ワムデュス
2020/08/13 22:01:45 Unknown raid: Lv200 イーウィヤ
2020/08/13 22:01:45 Unknown raid: Lv200 ウィルナス
2020/08/13 22:01:45 Unknown raid: Lv200 リンドヴルム
2020/08/13 22:01:45 Unknown raid: Lv200 ワムデュス
2020/08/13 22:01:46 Unknown raid: Lv200 ワムデュス
2020/08/13 22:01:46 Unknown raid: Lv200 ワムデュス
2020/08/13 22:01:46 Unknown raid: Lv200 リンドヴルム
2020/08/13 22:01:46 Unknown raid: Lv200 イーウィヤ
2020/08/13 22:01:46 Unknown raid: Lv200 リンドヴルム
2020/08/13 22:01:46 Unknown raid: Lv200 イーウィヤ
2020/08/13 22:01:46 Unknown raid: Lvl 200 Wilnas
2020/08/13 22:01:47 Unknown raid: Lv200 イーウィヤ
2020/08/13 22:01:47 Unknown raid: Lvl 200 Fediel
2020/08/13 22:01:47 Unknown raid: Lv50 覇壊大帝デスロウ
2020/08/13 22:01:47 Unknown raid: Lv50 覇壊大帝デスロウ
2020/08/13 22:01:47 Unknown raid: Lv200 フェディエル
2020/08/13 22:01:47 Unknown raid: Lv200 ウィルナス
2020/08/13 22:01:47 Unknown raid: Lv200 イーウィヤ
2020/08/13 22:01:47 Unknown raid: Lv150 リヴァイアサン・マリス
2020/08/13 22:01:47 Unknown raid: Lv50 覇壊大帝デスロウ
2020/08/13 22:01:47 Unknown raid: Lv150 フロネシス
2020/08/13 22:01:47 Unknown raid: Lvl 200 Lindwurm
2020/08/13 22:01:48 Unknown raid: Lv200 ル・オー
2020/08/13 22:01:48 Unknown raid: Lv200 ガレヲン
2020/08/13 22:01:48 Unknown raid: Lv200 フェディエル
2020/08/13 22:01:48 Unknown raid: Lv200 フェディエル
2020/08/13 22:01:48 Unknown raid: Lv200 イーウィヤ
2020/08/13 22:01:48 Unknown raid: Lv200 ル・オー
2020/08/13 22:01:48 Unknown raid: Lv200 ル・オー
2020/08/13 22:01:48 Unknown raid: Lv200 ル・オー
2020/08/13 22:01:48 Unknown raid: Lv200 イーウィヤ
2020/08/13 22:01:48 Unknown raid: Lv200 ウィルナス
2020/08/13 22:01:48 Unknown raid: Lvl 200 Lu Woh
2020/08/13 22:01:48 Unknown raid: Lv200 ウィルナス
2020/08/13 22:01:48 Unknown raid: Lv200 リンドヴルム
2020/08/13 22:01:48 Unknown raid: Lv200 フェディエル
2020/08/13 22:01:48 Unknown raid: Lv200 ガレヲン
2020/08/13 22:01:48 Unknown raid: Lv150 フロネシス
2020/08/13 22:01:48 Unknown raid: Lvl 200 Fediel
2020/08/13 22:01:48 Unknown raid: Lv150 フロネシス
2020/08/13 22:01:49 Unknown raid: Lv200 ワムデュス
2020/08/13 22:01:49 Unknown raid: Lv200 ル・オー
2020/08/13 22:01:49 Unknown raid: Lv200 ワムデュス
2020/08/13 22:01:49 Unknown raid: Lv50 覇壊大帝デスロウ
2020/08/13 22:01:49 Unknown raid: Lvl 200 Fediel
2020/08/13 22:01:49 Unknown raid: Lv200 ワムデュス
2020/08/13 22:01:49 Unknown raid: Lvl 200 Fediel
2020/08/13 22:01:49 Unknown raid: Lv200 イーウィヤ
2020/08/13 22:01:49 Unknown raid: Lv200 ワムデュス
2020/08/13 22:01:49 Unknown raid: Lv200 ル・オー
2020/08/13 22:01:49 Unknown raid: Lv200 リンドヴルム
2020/08/13 22:01:50 Unknown raid: Lvl 200 Galleon
2020/08/13 22:01:50 Unknown raid: Lv200 イーウィヤ
2020/08/13 22:01:50 Unknown raid: Lv200 イーウィヤ
2020/08/13 22:01:50 Unknown raid: Lv200 ガレヲン
2020/08/13 22:01:50 Unknown raid: Lv200 フェディエル
2020/08/13 22:01:50 Unknown raid: Lv200 ワムデュス
2020/08/13 22:01:50 Unknown raid: Lv200 ガレヲン
2020/08/13 22:01:50 Unknown raid: Lv200 ガレヲン
2020/08/13 22:01:50 Unknown raid: Lv200 フェディエル
2020/08/13 22:01:50 Unknown raid: Lv200 ウィルナス
2020/08/13 22:01:50 Unknown raid: Lv200 ル・オー
2020/08/13 22:01:51 Unknown raid: Lv200 ル・オー
2020/08/13 22:01:51 Unknown raid: Lv200 ワムデュス
2020/08/13 22:01:51 Unknown raid: Lv200 ウィルナス
2020/08/13 22:01:51 Unknown raid: Lv200 ル・オー
2020/08/13 22:01:51 Unknown raid: Lv200 ガレヲン
2020/08/13 22:01:51 Unknown raid: Lv150 フロネシス
2020/08/13 22:01:51 Unknown raid: Lvl 200 Lu Woh
2020/08/13 22:01:51 Unknown raid: Lv200 フェディエル
2020/08/13 22:01:51 Unknown raid: Lv200 ワムデュス
2020/08/13 22:01:51 Unknown raid: Lv200 フェディエル
2020/08/13 22:01:51 Unknown raid: Lv200 フェディエル
2020/08/13 22:01:51 Unknown raid: Lv200 ガレヲン
2020/08/13 22:01:52 Unknown raid: Lvl 200 Wamdus
2020/08/13 22:01:52 Unknown raid: Lv200 イーウィヤ
2020/08/13 22:01:52 Unknown raid: Lv200 フェディエル
2020/08/13 22:01:52 Unknown raid: Lv200 ル・オー
2020/08/13 22:01:52 Unknown raid: Lv200 ウィルナス
2020/08/13 22:01:52 Unknown raid: Lv200 ガレヲン
2020/08/13 22:01:52 Unknown raid: Lv200 フェディエル
2020/08/13 22:01:52 Unknown raid: Lv200 イーウィヤ
2020/08/13 22:01:52 Unknown raid: Lv200 フェディエル
2020/08/13 22:01:53 Unknown raid: Lvl 200 Fediel
2020/08/13 22:01:53 Unknown raid: Lv200 ガレヲン
2020/08/13 22:01:53 Unknown raid: Lv200 ワムデュス
2020/08/13 22:01:53 Unknown raid: Lv200 リンドヴルム
2020/08/13 22:01:53 Unknown raid: Lv200 ウィルナス
2020/08/13 22:01:53 Unknown raid: Lv200 フェディエル
2020/08/13 22:01:53 Unknown raid: Lv200 ル・オー
2020/08/13 22:01:53 Unknown raid: Lv150 リヴァイアサン・マリス
2020/08/13 22:01:54 Unknown raid: Lv200 ガレヲン
2020/08/13 22:01:56 No connected client, Stream now stops
2020/08/13 22:01:56 Unknown raid: Lv200 フェディエル
2020/08/13 22:05:17 Go start farm in gbf!
2020/08/13 22:05:21 New client connected but stream stopped, Stream now starts
2020/08/13 22:05:21 Twitter Stream Started
2020/08/13 22:05:22 Unknown raid: Lvl 200 Ewiyar
2020/08/13 22:05:22 Unknown raid: Lv200 ワムデュス
2020/08/13 22:05:22 Unknown raid: Lv200 ガレヲン
2020/08/13 22:05:22 Unknown raid: Lv200 リンドヴルム
2020/08/13 22:05:22 Unknown raid: Lvl 200 Lu Woh
2020/08/13 22:05:22 Unknown raid: Lv200 フェディエル
2020/08/13 22:05:22 Unknown raid: Lv200 ワムデュス
2020/08/13 22:05:22 Unknown raid: Lv200 ウィルナス
2020/08/13 22:05:23 Unknown raid: Lv200 イーウィヤ
2020/08/13 22:05:23 Unknown raid: Lv200 ウィルナス
2020/08/13 22:05:23 Unknown raid: Lv50 覇壊大帝デスロウ
2020/08/13 22:05:23 Unknown raid: Lv150 リヴァイアサン・マリス
2020/08/13 22:05:23 Unknown raid: Lv200 ワムデュス
2020/08/13 22:05:23 Unknown raid: Lv150 フロネシス
2020/08/13 22:05:23 Unknown raid: Lv200 イーウィヤ
2020/08/13 22:05:23 Unknown raid: Lv150 フロネシス
2020/08/13 22:05:24 Unknown raid: Lv200 フェディエル
2020/08/13 22:05:24 Unknown raid: Lv200 ル・オー
2020/08/13 22:05:24 Unknown raid: Lv200 フェディエル
2020/08/13 22:05:24 Unknown raid: Lv200 ガレヲン
2020/08/13 22:05:24 Unknown raid: Lv200 ウィルナス
2020/08/13 22:05:24 Unknown raid: Lv200 ウィルナス
2020/08/13 22:05:24 Unknown raid: Lv50 覇壊大帝デスロウ
2020/08/13 22:05:24 Unknown raid: Lv200 フェディエル
2020/08/13 22:05:24 Unknown raid: Lv200 フェディエル
2020/08/13 22:05:24 Unknown raid: Lv150 フロネシス
2020/08/13 22:05:25 Unknown raid: Lv200 イーウィヤ
2020/08/13 22:05:25 Unknown raid: Lv200 ガレヲン
2020/08/13 22:05:25 Unknown raid: Lvl 200 Galleon
2020/08/13 22:05:25 Unknown raid: Lv200 イーウィヤ
2020/08/13 22:05:25 Unknown raid: Lv200 フェディエル
2020/08/13 22:05:25 Unknown raid: Lv200 ワムデュス
2020/08/13 22:05:25 Unknown raid: Lv200 ウィルナス
2020/08/13 22:05:26 Unknown raid: Lv200 リンドヴルム
2020/08/13 22:05:26 Unknown raid: Lv200 ル・オー
2020/08/13 22:05:26 Unknown raid: Lv200 ル・オー
2020/08/13 22:05:26 Unknown raid: Lv200 イーウィヤ
2020/08/13 22:05:26 Unknown raid: Lv150 リヴァイアサン・マリス
2020/08/13 22:05:27 Unknown raid: Lv200 ガレヲン
2020/08/13 22:05:27 Unknown raid: Lv200 フェディエル
2020/08/13 22:05:27 Unknown raid: Lv150 リヴァイアサン・マリス
2020/08/13 22:05:27 Unknown raid: Lv200 ウィルナス
2020/08/13 22:05:27 Unknown raid: Lv200 ウィルナス
2020/08/13 22:05:27 Unknown raid: Lv150 フロネシス
2020/08/13 22:05:27 Unknown raid: Lv200 ガレヲン
2020/08/13 22:05:27 Unknown raid: Lv200 ル・オー
2020/08/13 22:05:27 Unknown raid: Lv150 フロネシス
2020/08/13 22:05:27 Unknown raid: Lvl 200 Lu Woh
2020/08/13 22:05:27 Unknown raid: Lv200 ガレヲン
2020/08/13 22:05:27 Unknown raid: Lv200 イーウィヤ
2020/08/13 22:05:27 Unknown raid: Lv200 ガレヲン
2020/08/13 22:05:27 Unknown raid: Lv200 ウィルナス
2020/08/13 22:05:27 Unknown raid: Lv200 リンドヴルム
2020/08/13 22:05:27 Unknown raid: Lv200 ガレヲン
2020/08/13 22:05:28 Unknown raid: Lvl 150 Phronesis
2020/08/13 22:05:28 Unknown raid: Lv200 ガレヲン
2020/08/13 22:05:28 Unknown raid: Lv200 ワムデュス
2020/08/13 22:05:28 Unknown raid: Lv200 フェディエル
2020/08/13 22:05:28 Unknown raid: Lv200 イーウィヤ
2020/08/13 22:05:28 Unknown raid: Lv200 フェディエル
2020/08/13 22:05:28 Unknown raid: Lv200 ウィルナス
2020/08/13 22:05:28 Unknown raid: Lv200 ワムデュス
2020/08/13 22:05:28 Unknown raid: Lv200 ガレヲン
2020/08/13 22:05:28 Unknown raid: Lv200 フェディエル
2020/08/13 22:05:29 Unknown raid: Lv200 ル・オー
2020/08/13 22:05:29 Unknown raid: Lv200 ワムデュス
2020/08/13 22:05:29 Unknown raid: Lv200 イーウィヤ
2020/08/13 22:05:29 Unknown raid: Lv200 フェディエル
2020/08/13 22:05:29 Unknown raid: Lv150 フロネシス
2020/08/13 22:05:29 Unknown raid: Lv150 フロネシス
2020/08/13 22:05:29 Unknown raid: Lv200 ウィルナス
2020/08/13 22:05:29 Unknown raid: Lv200 リンドヴルム
2020/08/13 22:05:29 Unknown raid: Lv200 ガレヲン
2020/08/13 22:05:34 No connected client, Stream now stops
2020/08/13 22:05:49 New client connected but stream stopped, Stream now starts
2020/08/13 22:05:49 Twitter Stream Started
2020/08/13 22:05:50 Unknown raid: Lv200 ウィルナス
2020/08/13 22:05:50 Unknown raid: Lvl 200 Galleon
2020/08/13 22:05:50 Unknown raid: Lv200 イーウィヤ
2020/08/13 22:05:50 Unknown raid: Lv200 リンドヴルム
2020/08/13 22:05:50 Unknown raid: Lv200 イーウィヤ
2020/08/13 22:05:50 Unknown raid: Lv200 フェディエル
2020/08/13 22:05:50 Unknown raid: Lv200 ウィルナス
2020/08/13 22:05:51 Unknown raid: Lv200 リンドヴルム
2020/08/13 22:05:51 Unknown raid: Lv200 フェディエル
2020/08/13 22:05:51 Unknown raid: Lv200 イーウィヤ
2020/08/13 22:05:51 Unknown raid: Lvl 200 Lu Woh
2020/08/13 22:05:51 Unknown raid: Lv200 ウィルナス
2020/08/13 22:05:51 Unknown raid: Lv200 イーウィヤ
2020/08/13 22:05:51 Unknown raid: Lv200 ル・オー
2020/08/13 22:05:51 Unknown raid: Lv150 フロネシス
2020/08/13 22:05:52 Unknown raid: Lv85 セレスト・マグナ
2020/08/13 22:05:52 Unknown raid: Lv200 イーウィヤ
2020/08/13 22:05:52 Unknown raid: Lv200 ワムデュス
2020/08/13 22:05:52 Unknown raid: Lv200 イーウィヤ
2020/08/13 22:05:52 Unknown raid: Lv200 フェディエル
2020/08/13 22:05:52 Unknown raid: Lv200 フェディエル
2020/08/13 22:05:52 Unknown raid: Lv200 フェディエル
2020/08/13 22:05:52 Unknown raid: Lv200 イーウィヤ
2020/08/13 22:05:52 Unknown raid: Lv200 ワムデュス
2020/08/13 22:05:52 Unknown raid: Lvl 200 Lu Woh
2020/08/13 22:05:52 Unknown raid: Lv200 ガレヲン
2020/08/13 22:05:52 Unknown raid: Lv200 フェディエル
2020/08/13 22:05:52 Unknown raid: Lv50 覇壊大帝デスロウ
2020/08/13 22:05:53 Unknown raid: Lv200 ル・オー
2020/08/13 22:05:53 Unknown raid: Lv200 フェディエル
2020/08/13 22:05:53 Unknown raid: Lv200 フェディエル
2020/08/13 22:05:53 Unknown raid: Lv200 ワムデュス
2020/08/13 22:05:53 Unknown raid: Lv200 ル・オー
2020/08/13 22:05:53 Unknown raid: Lv200 ガレヲン
2020/08/13 22:05:54 Unknown raid: Lv200 ガレヲン
2020/08/13 22:05:54 Unknown raid: Lv200 ガレヲン
2020/08/13 22:05:54 Unknown raid: Lv200 ワムデュス
2020/08/13 22:05:54 Unknown raid: Lv200 ガレヲン
2020/08/13 22:05:54 Unknown raid: Lv200 ガレヲン
2020/08/13 22:05:55 Unknown raid: Lv200 フェディエル
2020/08/13 22:05:55 Unknown raid: Lv200 イーウィヤ
2020/08/13 22:05:55 Unknown raid: Lv200 リンドヴルム
2020/08/13 22:05:55 Unknown raid: Lv200 ガレヲン
2020/08/13 22:05:55 Unknown raid: Lv200 リンドヴルム
2020/08/13 22:05:55 Unknown raid: Lv150 フロネシス
2020/08/13 22:05:55 Unknown raid: Lv50 覇壊大帝デスロウ
2020/08/13 22:05:55 Unknown raid: Lvl 200 Fediel
2020/08/13 22:05:55 Unknown raid: Lv200 ル・オー
2020/08/13 22:05:56 Unknown raid: Lv200 ウィルナス
2020/08/13 22:05:56 Unknown raid: Lv200 フェディエル
2020/08/13 22:05:56 Unknown raid: Lv200 ウィルナス
2020/08/13 22:05:56 Unknown raid: Lv200 ガレヲン
2020/08/13 22:05:56 Unknown raid: Lv150 フロネシス
2020/08/13 22:05:56 Unknown raid: Lv200 フェディエル
2020/08/13 22:05:56 Unknown raid: Lv150 フロネシス
2020/08/13 22:05:56 Unknown raid: Lv200 イーウィヤ
2020/08/13 22:05:56 Unknown raid: Lv200 ワムデュス
2020/08/13 22:05:56 Unknown raid: Lv200 ル・オー
2020/08/13 22:05:56 Unknown raid: Lv200 ガレヲン
2020/08/13 22:05:56 Unknown raid: Lvl 200 Lu Woh
2020/08/13 22:05:57 Unknown raid: Lv200 ワムデュス
2020/08/13 22:05:57 Unknown raid: Lv200 フェディエル
2020/08/13 22:05:57 Unknown raid: Lv200 フェディエル
2020/08/13 22:05:57 Unknown raid: Lv200 リンドヴルム
2020/08/13 22:05:58 Unknown raid: Lv200 イーウィヤ
2020/08/13 22:05:58 Unknown raid: Lv150 フロネシス
2020/08/13 22:05:58 Unknown raid: Lv200 ガレヲン
2020/08/13 22:05:58 Unknown raid: Lv200 リンドヴルム
2020/08/13 22:05:58 Unknown raid: Lv200 ガレヲン
2020/08/13 22:05:58 Unknown raid: Lv200 イーウィヤ
2020/08/13 22:05:58 Unknown raid: Lv200 フェディエル
2020/08/13 22:05:58 Unknown raid: Lv200 ウィルナス
2020/08/13 22:05:58 Unknown raid: Lv200 ガレヲン
2020/08/13 22:05:58 Unknown raid: Lv150 フロネシス
2020/08/13 22:05:59 Unknown raid: Lv200 イーウィヤ
2020/08/13 22:05:59 Unknown raid: Lv150 リヴァイアサン・マリス
2020/08/13 22:06:01 No connected client, Stream now stops
2020/08/13 22:06:01 Unknown raid: Lv200 フェディエル
2020/08/13 22:10:40 Go start farm in gbf!
